<?xml version="1.0" encoding="UTF-8"?>
<!-- Generated by org.testng.reporters.JUnitXMLReporter -->
<testsuite hostname="Vishu-QA-PC" name="Regression suite 1" tests="3" failures="0" timestamp="26 Oct 2015 14:18:21 GMT" time="100.935" errors="0">
  <testcase name="atTest" time="15.09" classname="testcases.LogIn"/>
  <testcase name="UnderTest" time="0.475" classname="testcases.PrintDropdownList"/>
  <testcase name="testAssert" time="10.082" classname="testcases.AssertExample"/>
</testsuite> <!-- Regression suite 1 -->
